(base) mjgp@alpha:~/ExamplePDBs/6EF8$ time python3 BioDC.py 

 ================================================================== 
                      Weclome to BioDC
           A program that automates and accelerates
             the computation of redox currents in
              (polymeric) multi-heme cytochormes 

            Written by Matthew J. Guberman-Pfeffer
                Last Updated: 05/28/2023

 This research was supported by the National Institute of General 
 Medical Sciences of the National Institutes of Health under award
 1F32GM142247-01A1.
 ================================================================== 

 BioDC presents a highly modular workflow that has three 
 large divisions: 
    (1) Structure Preparaiton & Relaxation
    (2) Energetic Estimation
    (3) Redox Current Prediction
 
 Which of these divisions would you like to perform?
 (Enter zero "0" to be guided through the entire
 workflow.) (0/1/2/3) 0

 ===================================================================  
 First: Structure Preparation & Relaxation
 ===================================================================  
     
 This program requires VMD and the AmberTools package to be 
 in your system's PATH variable. Are they? (yes/no)? y
 
 Good! Now, here are the PDBs in the present direcotry:

6EF8.pdb
6EF8_C.pdb
6EF8_G.pdb
6EF8_preped.pdb
6EF8_trimer_reord.pdb
6EF8_E.pdb
HEC.pdb
6EF8_trimer.pdb
6EF8_D.pdb
6EF8_B.pdb
prot.pdb
6EF8_F.pdb
6EF8_A.pdb
Prepare6EF8.pdb

 Which PDB would you like to setup 
 (omit the .pdb file extension)? 6EF8_preped
 That PDB was found! 

 We need to create a file (ResIndexing.txt) that identifies 
 the IDs of the Cys and His residues bound to the heme macrocycle.
 Would you like to create it automatically or manually (auto/man)? auto

 The automated creation of ResIndexing.txt has two parts:
   1) Writting CreateResIndexing.tcl 
   2) Submitting the TCL script to Visual Molecular Dynamics (VMD)

 The TCL script identifies the Cys and His residues within a 
 distance cutoff of each heme group and assumes that the residues 
 found within that cutoff are bonded to that heme.

 What distance threshold would you liek to use? 
 (recommended = 2.5 angstroms)                  2.5

 Please make sure that the correct residues are identified by, 
 for example, creating representations in VMD with the residue IDs 
 givenon each line of the ResIndexing.txt file. 

 If the wrong residues are identified, the setup later with TLEaP 
 will fail because the bond definitions will be wrong. In this case, 
 please correct the residue IDs and save the changes to 
 CorrectedResIndexing.txt. When you re-run this python scirpt, the
 CorrectedResIndexing.txt file will be detected and used to replace
 ResIndexing.txt. 
                
rlwrap: Command not found.

 Your ResIndexing file will now be used with VMD
 to create the HEH, HIO, and CYO residues.
 
 We will write and submit a script called SetupStructure.tcl to 
 perform this magic.

 CAUTION: The magic of the script is only as good as the information 
 in ResIndexing.txt. If the wrong residue IDs are specified, 
 everything from hereon out will be, put politely, junk!
      
 Shall we venture forward with SetupStructure.tcl (yes/no)? y
rlwrap: Command not found.

 VMD finished. Please check SetupStructure.log for any erros. You may 
 also want to inspect the generated PDBs for the protein,each heme, 
 and each heme propionic acid group.
             
 Now, we need to stitch the edited PDBs of the protein, hemes, 
 and heme propionic acid groups into a single PDB. Then, this 
 re-constructed PDB of the multi-heme protein will be processed
 with TLEaP of the AmberTools package to generate topology and 
 coordinate files.
      
 Prefix for output parm/rst7 6EF8       
 Should the structure be prepared with 
 an explicit or implicit solvent (explicit/implicit)? e
  Using a rectangular or an octahedral box (rec/octahed)? rec
  With how much of a solvent buffer (in angstroms)? 15
  And how many Na+ ions; 0 = enough for charge neutrality? 0
  And how many Cl- ions; 0 = enough for charge neutrality? 0

 The re-compiled structure will now be processed with TLEaP.
     
 TLEaP finished! 
 Please inspect the structure to make sure it is correct.
    
 Found 6EF8.prmtop and 6EF8.rst7
 Preparing to relax the geometry
 Running minimization ...
 Minimization finished!

 ===================================================================  
 Second: Energetic Estimation
 ===================================================================


 Is your structure polymeric (yes/no)? y

 The structure preparation stage required you to place all the heme
 residues from all the chains at the end of the PDB with sequential
 numbering. The programs in AmberTools that will be used to estimate 
 the charge transfer energetics want instead the residues to come in 
 the order of the connectiviity; that is, the hemes of chain A should 
 come both any residue in chain B. 

 To oblige this different numbering convention, we'll use the 
 CPPTRAJ of the AmberTools package to re-order the residues. 
 This process will write a new topology and coordinate file, 
 where the latter is of the structure you previously minimized.

 To compute the energetics for heme-to-heme electron transfer. We 
 need to know the linear sequence of hemes that will serve as 
 charge hopping sites. Typically the linear sequence is NOT the 
 sequence of residue IDs in the PDB. We therefore need to specify
 the linear sequence to compute the right electron transfer steps. 
    
 Linear Sequence: 1275 1260 1263 1269 1266 1272 1293
 ------------------------------------------------------------------- 

 Should we compute the reorganization energy (yes/no)? y
 Found 6EF8_reord.prmtop and min.rst7

 To estimate the reorganization energy (lambda) from the 
 solvent accessible surface area, two steps will be take:
    (1) Convert min.rst7 to a PDB-formatted file using ambpdb 
        Note: This step is skipped because you indicated you 
        have a polymeric structute, When the topology was
        re-ordered to conform to AMBER conventions for 
        multi-chain structures, min.pdb was already 
        created.
             
    (2) Write and submit a TCL script to VMD
        
 Now using VMD to compute SASA Donor = 1275 & Acceptor = 1260...
rlwrap: Command not found.
 Now using VMD to compute SASA Donor = 1260 & Acceptor = 1263...
rlwrap: Command not found.
 Now using VMD to compute SASA Donor = 1263 & Acceptor = 1269...
rlwrap: Command not found.
 Now using VMD to compute SASA Donor = 1269 & Acceptor = 1266...
rlwrap: Command not found.
 Now using VMD to compute SASA Donor = 1266 & Acceptor = 1272...
rlwrap: Command not found.
 Now using VMD to compute SASA Donor = 1272 & Acceptor = 1293...
rlwrap: Command not found.
 Computing Reorganization Energy from Solvent Accessibility...
 Done!
 ------------------------------------------------------------------- 

 Should we compute the reaction free energy (yes/no)? y

 Two different methods are implemented to estimate heme redox 
 potentials and thereby reaction free energies when an explict
 solvent is presnet:

    (1) Compute the change in electrostatic interaciton energy upon 
        heme oxidaiton using the Linear Interaction Energy method 
        in CPPTRAJ.

    (2) Compute the change in electrostatic interaciton energy upon 
        heme oxidaiton using the Poisson–Boltzmann Surface Area
        method implemented in AmberTools (essentially a Delphi-type
        calculation). In this case, the explicit solvent 
        prepared with the sturcutre is discarded.

    Note that method #1 has two advantages:
        (1) It is considerably faster than method #2

        (2) The overall change in electorstatic energy is decomposed
            into contributions from different groups of residues.
                
 Should we use the LIE or PBSA method (lie/pbsa)? pbsa

 Generating topology for oHEH-1275 ...

 Generating topology for rHEH-1275 ...

 Generating topology for oHEH-1260 ...

 Generating topology for rHEH-1260 ...

 Generating topology for oHEH-1263 ...

 Generating topology for rHEH-1263 ...

 Generating topology for oHEH-1269 ...

 Generating topology for rHEH-1269 ...

 Generating topology for oHEH-1266 ...

 Generating topology for rHEH-1266 ...

 Generating topology for oHEH-1272 ...

 Generating topology for rHEH-1272 ...

 Generating topology for oHEH-1293 ...

 Generating topology for rHEH-1293 ...

 Submitting 14 PBSA calculations in parallel
  Finished: <Popen: returncode: 0 args: 'pbsa -O -i pbsa.key -o pbsa_o1275 -p o1275.prmt...>
  Finished: <Popen: returncode: 0 args: 'pbsa -O -i pbsa.key -o pbsa_r1275 -p r1275.prmt...>
  Finished: <Popen: returncode: 0 args: 'pbsa -O -i pbsa.key -o pbsa_o1260 -p o1260.prmt...>
  Finished: <Popen: returncode: 0 args: 'pbsa -O -i pbsa.key -o pbsa_r1260 -p r1260.prmt...>
  Finished: <Popen: returncode: 0 args: 'pbsa -O -i pbsa.key -o pbsa_o1263 -p o1263.prmt...>
  Finished: <Popen: returncode: 0 args: 'pbsa -O -i pbsa.key -o pbsa_r1263 -p r1263.prmt...>
  Finished: <Popen: returncode: 0 args: 'pbsa -O -i pbsa.key -o pbsa_o1269 -p o1269.prmt...>
  Finished: <Popen: returncode: 0 args: 'pbsa -O -i pbsa.key -o pbsa_r1269 -p r1269.prmt...>
  Finished: <Popen: returncode: 0 args: 'pbsa -O -i pbsa.key -o pbsa_o1266 -p o1266.prmt...>
  Finished: <Popen: returncode: 0 args: 'pbsa -O -i pbsa.key -o pbsa_r1266 -p r1266.prmt...>
  Finished: <Popen: returncode: 0 args: 'pbsa -O -i pbsa.key -o pbsa_o1272 -p o1272.prmt...>
  Finished: <Popen: returncode: 0 args: 'pbsa -O -i pbsa.key -o pbsa_r1272 -p r1272.prmt...>
  Finished: <Popen: returncode: 0 args: 'pbsa -O -i pbsa.key -o pbsa_o1293 -p o1293.prmt...>
  Finished: <Popen: returncode: 0 args: 'pbsa -O -i pbsa.key -o pbsa_r1293 -p r1293.prmt...>

 Result:
  step=0 HEH-1275 EtotOx=-1102.399 eV EtotRed=-1102.067 eV DEtot=-0.331 eV EelecOx=-753.059 eV EelecRed=-750.648 eV DEelec=-2.411 eV
  step=1 HEH-1260 EtotOx=-1102.399 eV EtotRed=-1101.980 eV DEtot=-0.419 eV EelecOx=-753.059 eV EelecRed=-750.284 eV DEelec=-2.775 eV
  step=2 HEH-1263 EtotOx=-1102.399 eV EtotRed=-1101.996 eV DEtot=-0.402 eV EelecOx=-753.059 eV EelecRed=-750.264 eV DEelec=-2.795 eV
  step=3 HEH-1269 EtotOx=-1102.399 eV EtotRed=-1102.080 eV DEtot=-0.319 eV EelecOx=-753.059 eV EelecRed=-750.573 eV DEelec=-2.486 eV
  step=4 HEH-1266 EtotOx=-1102.399 eV EtotRed=-1102.068 eV DEtot=-0.331 eV EelecOx=-753.059 eV EelecRed=-750.556 eV DEelec=-2.503 eV
  step=5 HEH-1272 EtotOx=-1102.399 eV EtotRed=-1102.051 eV DEtot=-0.347 eV EelecOx=-753.059 eV EelecRed=-750.643 eV DEelec=-2.416 eV
  step=6 HEH-1293 EtotOx=-1102.399 eV EtotRed=-1102.083 eV DEtot=-0.316 eV EelecOx=-753.059 eV EelecRed=-750.779 eV DEelec=-2.280 eV
 ------------------------------------------------------------------- 

 Should we estimate the electronic coupling from the geometry (yes/no)? y

 Assiging coupling values based on inter-macrocycle planar anlge ... 
 Done!
 ------------------------------------------------------------------- 

 Should we compute the non-adiabatic Marcus-theory rates (yes/no)? y

 Step #0:
    Activation Energy:
        Forward: 3.122E-01 eV
        Reverse: 2.247E-01 eV
    Rates:
        Forward: 3.685E+05 
        Reverse: 1.088E+07
 
 Step #1:
    Activation Energy:
        Forward: 2.551E-01 eV
        Reverse: 2.718E-01 eV
    Rates:
        Forward: 5.405E+07 
        Reverse: 2.831E+07
 
 Step #2:
    Activation Energy:
        Forward: 2.240E-01 eV
        Reverse: 3.074E-01 eV
    Rates:
        Forward: 1.127E+07 
        Reverse: 4.461E+05
 
 Step #3:
    Activation Energy:
        Forward: 2.903E-01 eV
        Reverse: 2.783E-01 eV
    Rates:
        Forward: 1.337E+07 
        Reverse: 2.126E+07
 
 Step #4:
    Activation Energy:
        Forward: 2.985E-01 eV
        Reverse: 2.821E-01 eV
    Rates:
        Forward: 6.007E+05 
        Reverse: 1.133E+06
 
 Step #5:
    Activation Energy:
        Forward: 2.484E-01 eV
        Reverse: 2.795E-01 eV
    Rates:
        Forward: 7.020E+07 
        Reverse: 2.106E+07
 
 ===================================================================  
 Third: Redox Current Prediction
 ===================================================================  
     
 This division of the BioDC workflow computes, via the analytical
 Derrida formula, the charge diffuction coefficient based on the 
 non-adiabatic Marcus theory rates. The diffusion coefficient is
 then related to the electrical resistance and used in Ohm's law
 to compute the current as a function of applied bias. Note that 
 this approach is only rigorously correct in the limit of zero
 bias.
     
 Found rates.txt, which is needed to proceed!

 We will now compile and run a C-program kindly provided by
 Dr. Fredrik Jansson that has been modified only to 
 interface I/O operations with the BioDC program
cc -Wall -g -O3 -ffast-math  -march=native -fomit-frame-pointer -std=c99     derrida.c   -o derrida
The are 6 electron transfer steps 
3.685000E+05 2.106419E+07
5.405000E+07 1.087768E+07
1.127000E+07 2.830783E+07
1.337000E+07 4.461479E+05
6.007000E+05 2.126395E+07
7.020000E+07 1.133267E+06
V: -164726.788445
D: 4.184524e-09

 Found D.txt, which is needed to proceed!
 We will at last compute the redox current. 
 To do this, some system-specific information is needed.
        
 Please provide the following parmaeters: 
  Temperature (K)? 300
  Number of Charges per subunit? 3
rlwrap: Command not found.
 
 The length of a subunit of the cytochrome polymer is needed.
  The subunit length measured between the first and the last heme
  specified in LinearizedHemeSequence.txt is 4.91E-07 

  Length of wire (cm)? 3E-5
  Experimental Conductance (S/cm) ? 
   (Enter "0" if not known)         2.67E-10

 Charge per Subunit Length          = 6.115804e+06 q/cm 
 Cross-Sectional Area               = 1.767146e-14 cm^2
 Charge Density                     = 3.460837e+20 q/cm^2
 Experimental Diffusion Constant    = 2.112780e-04 cm^2/s
 Computed Diffusion Constant        = 4.184524e-09 cm^2/s
    
 Voltage (V) Exp. Current (pA) Computed Current (pA)
      -0.500          -133.500            -2.644E-03
      -0.450          -120.150            -2.380E-03
      -0.400          -106.800            -2.115E-03
      -0.350           -93.450            -1.851E-03
      -0.300           -80.100            -1.586E-03
      -0.250           -66.750            -1.322E-03
      -0.200           -53.400            -1.058E-03
      -0.150           -40.050            -7.932E-04
      -0.100           -26.700            -5.288E-04
      -0.050           -13.350            -2.644E-04
      -0.000            -0.000            -5.871E-19
       0.050            13.350             2.644E-04
       0.100            26.700             5.288E-04
       0.150            40.050             7.932E-04
       0.200            53.400             1.058E-03
       0.250            66.750             1.322E-03
       0.300            80.100             1.586E-03
       0.350            93.450             1.851E-03
       0.400           106.800             2.115E-03
       0.450           120.150             2.380E-03
 Done!

real	23m41.985s
user	566m4.969s
sys	23m42.095s
(base) mjgp@alpha:~/ExamplePDBs/6EF8$ 
